Precompiling packages...
Info Given STCounterexampleCheck was explicitly requested, output will be shown live [0K
[0KERROR: LoadError: ArgumentError: Package MessagePack [99f0518e-416f-5a4d-9532-454580604c03] is required but does not seem to be installed:
[0K - Run `Pkg.instantiate()` to install all recorded dependencies.
[0K
[0KStacktrace:
[0K  [1] __require_prelocked(pkg::Base.PkgId, env::String)
[0K    @ Base .\loading.jl:2612
[0K  [2] _require_prelocked(uuidkey::Base.PkgId, env::String)
[0K    @ Base .\loading.jl:2490
[0K  [3] macro expansion
[0K    @ .\loading.jl:2418 [inlined]
[0K  [4] macro expansion
[0K    @ .\lock.jl:376 [inlined]
[0K  [5] __require(into::Module, mod::Symbol)
[0K    @ Base .\loading.jl:2383
[0K  [6] require(into::Module, mod::Symbol)
[0K    @ Base .\loading.jl:2359
[0K  [7] top-level scope
[0K    @ C:\Users\jesus\OneDrive\Documents\VScode\Repositories\research\STCounterexampleCheck\src\Main.jl:8
[0K  [8] include(mapexpr::Function, mod::Module, _path::String)
[0K    @ Base .\Base.jl:307
[0K  [9] top-level scope
[0K    @ C:\Users\jesus\OneDrive\Documents\VScode\Repositories\research\STCounterexampleCheck\src\STCounterexampleCheck.jl:10
[0K [10] include(mod::Module, _path::String)
[0K    @ Base .\Base.jl:306
[0K [11] include_package_for_output(pkg::Base.PkgId, input::String, depot_path::Vector{String}, dl_load_path::Vector{String}, load_path::Vector{String}, concrete_deps::Vector{Pair{Base.PkgId, UInt128}}, source::Nothing)
[0K    @ Base .\loading.jl:3021
[0K [12] top-level scope
[0K    @ stdin:5
[0K [13] eval(m::Module, e::Any)
[0K    @ Core .\boot.jl:489
[0K [14] include_string(mapexpr::typeof(identity), mod::Module, code::String, filename::String)
[0K    @ Base .\loading.jl:2867
[0K [15] include_string
[0K    @ .\loading.jl:2877 [inlined]
[0K [16] exec_options(opts::Base.JLOptions)
[0K    @ Base .\client.jl:315
[0K [17] _start()
[0K    @ Base .\client.jl:550
[0Kin expression starting at C:\Users\jesus\OneDrive\Documents\VScode\Repositories\research\STCounterexampleCheck\src\Main.jl:1
[0Kin expression starting at C:\Users\jesus\OneDrive\Documents\VScode\Repositories\research\STCounterexampleCheck\src\STCounterexampleCheck.jl:1
[0Kin expression starting at stdin:5
              笨・STCounterexampleCheck
  0 dependencies successfully precompiled in 4 seconds. 39 already precompiled.

ERROR: LoadError: The following 1 direct dependency failed to precompile:

STCounterexampleCheck 

Failed to precompile STCounterexampleCheck [a41c45f5-48fd-409d-8b15-c5ffb6594edb] to "C:\\Users\\jesus\\.julia\\compiled\\v1.12\\STCounterexampleCheck\\jl_E972.tmp".
ERROR: LoadError: ArgumentError: Package MessagePack [99f0518e-416f-5a4d-9532-454580604c03] is required but does not seem to be installed:
 - Run `Pkg.instantiate()` to install all recorded dependencies.

Stacktrace:
  [1] __require_prelocked(pkg::Base.PkgId, env::String)
    @ Base .\loading.jl:2612
  [2] _require_prelocked(uuidkey::Base.PkgId, env::String)
    @ Base .\loading.jl:2490
  [3] macro expansion
    @ .\loading.jl:2418 [inlined]
  [4] macro expansion
    @ .\lock.jl:376 [inlined]
  [5] __require(into::Module, mod::Symbol)
    @ Base .\loading.jl:2383
  [6] require(into::Module, mod::Symbol)
    @ Base .\loading.jl:2359
  [7] top-level scope
    @ C:\Users\jesus\OneDrive\Documents\VScode\Repositories\research\STCounterexampleCheck\src\Main.jl:8
  [8] include(mapexpr::Function, mod::Module, _path::String)
    @ Base .\Base.jl:307
  [9] top-level scope
    @ C:\Users\jesus\OneDrive\Documents\VScode\Repositories\research\STCounterexampleCheck\src\STCounterexampleCheck.jl:10
 [10] include(mod::Module, _path::String)
    @ Base .\Base.jl:306
 [11] include_package_for_output(pkg::Base.PkgId, input::String, depot_path::Vector{String}, dl_load_path::Vector{String}, load_path::Vector{String}, concrete_deps::Vector{Pair{Base.PkgId, UInt128}}, source::Nothing)
    @ Base .\loading.jl:3021
 [12] top-level scope
    @ stdin:5
 [13] eval(m::Module, e::Any)
    @ Core .\boot.jl:489
 [14] include_string(mapexpr::typeof(identity), mod::Module, code::String, filename::String)
    @ Base .\loading.jl:2867
 [15] include_string
    @ .\loading.jl:2877 [inlined]
 [16] exec_options(opts::Base.JLOptions)
    @ Base .\client.jl:315
 [17] _start()
    @ Base .\client.jl:550
in expression starting at C:\Users\jesus\OneDrive\Documents\VScode\Repositories\research\STCounterexampleCheck\src\Main.jl:1
in expression starting at C:\Users\jesus\OneDrive\Documents\VScode\Repositories\research\STCounterexampleCheck\src\STCounterexampleCheck.jl:1
in expression starting at stdin:
in expression starting at C:\Users\jesus\OneDrive\Documents\VScode\Repositories\research\STCounterexampleCheck\test\verify.jl:1
