Precompiling packages...
Info Given STCounterexampleCheck was explicitly requested, output will be shown live [0K
[0KERROR: LoadError: ArgumentError: Package STCounterexampleCheck does not have MessagePack in its dependencies:
[0K- You may have a partially installed environment. Try `Pkg.instantiate()`
[0K  to ensure all packages in the environment are installed.
[0K- Or, if you have STCounterexampleCheck checked out for development and have
[0K  added MessagePack as a dependency but haven't updated your primary
[0K  environment's manifest file, try `Pkg.resolve()`.
[0K- Otherwise you may need to report an issue with STCounterexampleCheck
[0KStacktrace:
[0K  [1] macro expansion
[0K    @ .\loading.jl:2403 [inlined]
[0K  [2] macro expansion
[0K    @ .\lock.jl:376 [inlined]
[0K  [3] __require(into::Module, mod::Symbol)
[0K    @ Base .\loading.jl:2383
[0K  [4] require(into::Module, mod::Symbol)
[0K    @ Base .\loading.jl:2359
[0K  [5] top-level scope
[0K    @ C:\Users\jesus\OneDrive\Documents\VScode\Repositories\research\STCounterexampleCheck\src\Main.jl:8
[0K  [6] include(mapexpr::Function, mod::Module, _path::String)
[0K    @ Base .\Base.jl:307
[0K  [7] top-level scope
[0K    @ C:\Users\jesus\OneDrive\Documents\VScode\Repositories\research\STCounterexampleCheck\src\STCounterexampleCheck.jl:10
[0K  [8] include(mod::Module, _path::String)
[0K    @ Base .\Base.jl:306
[0K  [9] include_package_for_output(pkg::Base.PkgId, input::String, depot_path::Vector{String}, dl_load_path::Vector{String}, load_path::Vector{String}, concrete_deps::Vector{Pair{Base.PkgId, UInt128}}, source::Nothing)
[0K    @ Base .\loading.jl:3021
[0K [10] top-level scope
[0K    @ stdin:5
[0K [11] eval(m::Module, e::Any)
[0K    @ Core .\boot.jl:489
[0K [12] include_string(mapexpr::typeof(identity), mod::Module, code::String, filename::String)
[0K    @ Base .\loading.jl:2867
[0K [13] include_string
[0K    @ .\loading.jl:2877 [inlined]
[0K [14] exec_options(opts::Base.JLOptions)
[0K    @ Base .\client.jl:315
[0K [15] _start()
[0K    @ Base .\client.jl:550
[0Kin expression starting at C:\Users\jesus\OneDrive\Documents\VScode\Repositories\research\STCounterexampleCheck\src\Main.jl:1
[0Kin expression starting at C:\Users\jesus\OneDrive\Documents\VScode\Repositories\research\STCounterexampleCheck\src\STCounterexampleCheck.jl:1
[0Kin expression starting at stdin:5
              笨・STCounterexampleCheck
  0 dependencies successfully precompiled in 4 seconds. 39 already precompiled.

ERROR: LoadError: The following 1 direct dependency failed to precompile:

STCounterexampleCheck 

Failed to precompile STCounterexampleCheck [a41c45f5-48fd-409d-8b15-c5ffb6594edb] to "C:\\Users\\jesus\\.julia\\compiled\\v1.12\\STCounterexampleCheck\\jl_1A89.tmp".
ERROR: LoadError: ArgumentError: Package STCounterexampleCheck does not have MessagePack in its dependencies:
- You may have a partially installed environment. Try `Pkg.instantiate()`
  to ensure all packages in the environment are installed.
- Or, if you have STCounterexampleCheck checked out for development and have
  added MessagePack as a dependency but haven't updated your primary
  environment's manifest file, try `Pkg.resolve()`.
- Otherwise you may need to report an issue with STCounterexampleCheck
Stacktrace:
  [1] macro expansion
    @ .\loading.jl:2403 [inlined]
  [2] macro expansion
    @ .\lock.jl:376 [inlined]
  [3] __require(into::Module, mod::Symbol)
    @ Base .\loading.jl:2383
  [4] require(into::Module, mod::Symbol)
    @ Base .\loading.jl:2359
  [5] top-level scope
    @ C:\Users\jesus\OneDrive\Documents\VScode\Repositories\research\STCounterexampleCheck\src\Main.jl:8
  [6] include(mapexpr::Function, mod::Module, _path::String)
    @ Base .\Base.jl:307
  [7] top-level scope
    @ C:\Users\jesus\OneDrive\Documents\VScode\Repositories\research\STCounterexampleCheck\src\STCounterexampleCheck.jl:10
  [8] include(mod::Module, _path::String)
    @ Base .\Base.jl:306
  [9] include_package_for_output(pkg::Base.PkgId, input::String, depot_path::Vector{String}, dl_load_path::Vector{String}, load_path::Vector{String}, concrete_deps::Vector{Pair{Base.PkgId, UInt128}}, source::Nothing)
    @ Base .\loading.jl:3021
 [10] top-level scope
    @ stdin:5
 [11] eval(m::Module, e::Any)
    @ Core .\boot.jl:489
 [12] include_string(mapexpr::typeof(identity), mod::Module, code::String, filename::String)
    @ Base .\loading.jl:2867
 [13] include_string
    @ .\loading.jl:2877 [inlined]
 [14] exec_options(opts::Base.JLOptions)
    @ Base .\client.jl:315
 [15] _start()
    @ Base .\client.jl:550
in expression starting at C:\Users\jesus\OneDrive\Documents\VScode\Repositories\research\STCounterexampleCheck\src\Main.jl:1
in expression starting at C:\Users\jesus\OneDrive\Documents\VScode\Repositories\research\STCounterexampleCheck\src\STCounterexampleCheck.jl:1
in expression starting at stdin:
in expression starting at C:\Users\jesus\OneDrive\Documents\VScode\Repositories\research\STCounterexampleCheck\test\verify.jl:1
